# JRE version: OpenJDK Runtime Environment Temurin-17.0.12+7 (17.0.12+7) (build 17.0.12+7)
# Java VM: OpenJDK 64-Bit Server VM Temurin-17.0.12+7 (17.0.12+7, mixed mode, emulated-client, sharing, tiered, compressed oops, compressed class ptrs, g1 gc, windows-amd64)
GC Precious Log:
 CPUs: 12 total, 12 available
 Memory: 32400M
 Large Page Support: Disabled
 NUMA Support: Disabled
 Compressed Oops: Enabled (Zero based)
 Heap Region Size: 4M
 Heap Min Capacity: 8M
 Heap Initial Capacity: 508M
 Heap Max Capacity: 8104M
 Pre-touch: Disabled
 Parallel Workers: 10
 Concurrent Workers: 3
 Concurrent Refinement Workers: 10
 Periodic GC: Disabled
Heap:
 garbage-first heap   total 81920K, used 53801K [0x0000000605800000, 0x0000000800000000)
  region size 4096K, 11 young (45056K), 2 survivors (8192K)
 Metaspace       used 31060K, committed 31488K, reserved 1114112K
  class space    used 4408K, committed 4608K, reserved 1048576K
GC Heap History (13 events):
Event: 0.373 GC heap before
{Heap before GC invocations=0 (full 0):
 garbage-first heap   total 520192K, used 20480K [0x0000000605800000, 0x0000000800000000)
  region size 4096K, 6 young (24576K), 0 survivors (0K)
 Metaspace       used 7081K, committed 7296K, reserved 1114112K
  class space    used 897K, committed 1024K, reserved 1048576K
}
Event: 0.376 GC heap after
{Heap after GC invocations=1 (full 0):
 garbage-first heap   total 520192K, used 7232K [0x0000000605800000, 0x0000000800000000)
  region size 4096K, 1 young (4096K), 1 survivors (4096K)
 Metaspace       used 7081K, committed 7296K, reserved 1114112K
  class space    used 897K, committed 1024K, reserved 1048576K
}
Event: 0.569 GC heap before
{Heap before GC invocations=1 (full 0):
 garbage-first heap   total 520192K, used 27712K [0x0000000605800000, 0x0000000800000000)
  region size 4096K, 6 young (24576K), 1 survivors (4096K)
 Metaspace       used 11046K, committed 11328K, reserved 1114112K
  class space    used 1514K, committed 1664K, reserved 1048576K
}
Event: 0.571 GC heap after
{Heap after GC invocations=2 (full 0):
 garbage-first heap   total 520192K, used 8694K [0x0000000605800000, 0x0000000800000000)
  region size 4096K, 1 young (4096K), 1 survivors (4096K)
 Metaspace       used 11046K, committed 11328K, reserved 1114112K
  class space    used 1514K, committed 1664K, reserved 1048576K
}
Event: 0.792 GC heap before
{Heap before GC invocations=2 (full 0):
 garbage-first heap   total 520192K, used 53750K [0x0000000605800000, 0x0000000800000000)
  region size 4096K, 13 young (53248K), 1 survivors (4096K)
 Metaspace       used 19558K, committed 19776K, reserved 1114112K
  class space    used 2657K, committed 2752K, reserved 1048576K
}
Event: 0.794 GC heap after
{Heap after GC invocations=3 (full 0):
 garbage-first heap   total 520192K, used 12115K [0x0000000605800000, 0x0000000800000000)
  region size 4096K, 2 young (8192K), 2 survivors (8192K)
 Metaspace       used 19558K, committed 19776K, reserved 1114112K
  class space    used 2657K, committed 2752K, reserved 1048576K
}
Event: 0.857 GC heap before
{Heap before GC invocations=3 (full 0):
 garbage-first heap   total 520192K, used 24403K [0x0000000605800000, 0x0000000800000000)
  region size 4096K, 6 young (24576K), 2 survivors (8192K)
 Metaspace       used 21226K, committed 21504K, reserved 1114112K
  class space    used 2915K, committed 3072K, reserved 1048576K
}
Event: 0.859 GC heap after
{Heap after GC invocations=4 (full 0):
 garbage-first heap   total 520192K, used 13406K [0x0000000605800000, 0x0000000800000000)
  region size 4096K, 2 young (8192K), 2 survivors (8192K)
 Metaspace       used 21226K, committed 21504K, reserved 1114112K
  class space    used 2915K, committed 3072K, reserved 1048576K
}
Event: 1.214 GC heap before
{Heap before GC invocations=5 (full 0):
 garbage-first heap   total 81920K, used 58462K [0x0000000605800000, 0x0000000800000000)
  region size 4096K, 14 young (57344K), 2 survivors (8192K)
 Metaspace       used 25364K, committed 25664K, reserved 1114112K
  class space    used 3563K, committed 3712K, reserved 1048576K
}
Event: 1.218 GC heap after
{Heap after GC invocations=6 (full 0):
 garbage-first heap   total 81920K, used 15943K [0x0000000605800000, 0x0000000800000000)
  region size 4096K, 3 young (12288K), 3 survivors (12288K)
 Metaspace       used 25364K, committed 25664K, reserved 1114112K
  class space    used 3563K, committed 3712K, reserved 1048576K
}
Event: 1.262 GC heap before
{Heap before GC invocations=6 (full 0):
 garbage-first heap   total 81920K, used 20039K [0x0000000605800000, 0x0000000800000000)
  region size 4096K, 4 young (16384K), 3 survivors (12288K)
 Metaspace       used 26261K, committed 26688K, reserved 1114112K
  class space    used 3690K, committed 3904K, reserved 1048576K
}
Event: 1.267 GC heap after
{Heap after GC invocations=7 (full 0):
 garbage-first heap   total 81920K, used 16937K [0x0000000605800000, 0x0000000800000000)
  region size 4096K, 1 young (4096K), 1 survivors (4096K)
 Metaspace       used 26261K, committed 26688K, reserved 1114112K
  class space    used 3690K, committed 3904K, reserved 1048576K
}
Event: 1.592 GC heap before
{Heap before GC invocations=7 (full 0):
 garbage-first heap   total 81920K, used 53801K [0x0000000605800000, 0x0000000800000000)
  region size 4096K, 10 young (40960K), 1 survivors (4096K)
 Metaspace       used 31060K, committed 31488K, reserved 1114112K
  class space    used 4408K, committed 4608K, reserved 1048576K
}

